<?xml version="1.0" encoding="UTF-8"?>
<testsuite name="co.com.AutomatizacionOrchidPOS.runners.VentaRunner" tests="0" skipped="0" failures="0" errors="0" timestamp="1970-01-01T00:00:00" hostname="DESKTOP-IDMCDI6" time="0.0">
  <properties/>
  <system-out><![CDATA[Característica: Realizar una venta
  Como usuario de OrchidPOS
  Quiero agregar productos en el punto de venta
  Para generar una venta

  Antecedentes:                                                      ?[90m# src/test/resources/features/venta.feature:9?[0m

?[31mFailed scenarios:?[0m
?[31msrc/test/resources/features/venta.feature:17 ?[0m# Verificar que la venta haya sido concluida y registrada

1 Scenarios (?[31m1 failed?[0m)
4 Steps (?[31m1 failed?[0m, ?[32m3 passed?[0m)
7m23.387s

java.lang.AssertionError: 
Expected: is <true>
     but: was <false>
	at net.serenitybdd.screenplay.ErrorTally.throwSummaryExceptionFrom(ErrorTally.java:36)
	at net.serenitybdd.screenplay.ErrorTally.reportAnyErrors(ErrorTally.java:30)
	at net.serenitybdd.screenplay.Actor.should(Actor.java:316)
	at co.com.AutomatizacionOrchidPOS.stepsdefinitions.VentaStepsDefinition.seDebenVisualizarLosDetallesDeLaVentaYElRegistroDeEstaEnElHistorialDeVentas(VentaStepsDefinition.java:34)
	at ?.se deben visualizar los detalles de la venta y el registro de esta en el historial de ventas(src/test/resources/features/venta.feature:21)

]]></system-out>
  <system-err><![CDATA[[Test worker] INFO net.thucydides.core.steps.ConsoleLoggingListener - 

-------------------------------------------------------------------------------------
     _______. _______ .______       _______ .__   __.  __  .___________.____    ____ 
    /       ||   ____||   _  \     |   ____||  \ |  | |  | |           |\   \  /   / 
   |   (----`|  |__   |  |_)  |    |  |__   |   \|  | |  | `---|  |----` \   \/   /  
    \   \    |   __|  |      /     |   __|  |  . `  | |  |     |  |       \_    _/   
.----)   |   |  |____ |  |\  \----.|  |____ |  |\   | |  |     |  |         |  |     
|_______/    |_______|| _| `._____||_______||__| \__| |__|     |__|         |__|    
                                                                                     
 News and tutorials at http://www.serenity-bdd.info                                  
 Documentation at https://wakaleo.gitbooks.io/the-serenity-book/content/             
 Join the Serenity Community on Rocket Chat at https://serenity-bdd.rocket.chat      
 Serenity BDD Support and Training at http://serenity-bdd.info/#/trainingandsupport  
 Learn Serenity BDD online at http://serenity-dojo.com                               
-------------------------------------------------------------------------------------

[Test worker] INFO net.thucydides.core.steps.ConsoleLoggingListener - Test Suite Started: Realizar una venta
[Test worker] INFO net.thucydides.core.steps.ConsoleLoggingListener - 
 _____ _____ ____ _____   ____ _____  _    ____ _____ _____ ____  
|_   _| ____/ ___|_   _| / ___|_   _|/ \  |  _ \_   _| ____|  _ \ 
  | | |  _| \___ \ | |   \___ \ | | / _ \ | |_) || | |  _| | | | |
  | | | |___ ___) || |    ___) || |/ ___ \|  _ < | | | |___| |_| |
  |_| |_____|____/ |_|   |____/ |_/_/   \_\_| \_\|_| |_____|____/ 
                                                                  

TEST STARTED: Verificar que la venta haya sido concluida y registrada
-------------------------------------------------------------------(realizar-una-venta;verificar-que-la-venta-haya-sido-concluida-y-registrada)
[pool-2-thread-1] INFO net.thucydides.core.requirements.PackageRequirementsTagProvider - Loading requirements from package requirements at: net.thucydides.showcase.cucumber.junit
log4j:WARN No appenders could be found for logger (freemarker.cache).
log4j:WARN Please initialize the log4j system properly.
log4j:WARN See http://logging.apache.org/log4j/1.2/faq.html#noconfig for more info.
]]></system-err>
</testsuite>
